.\Debug\XWRobot.bsc
E:\robo\XWRobot\.\Debug\XWRobot.exe
E:\robo\XWRobot\.\Debug\XWRobot.exe.intermediate.manifest
E:\robo\XWRobot\Debug\BscMake.command.1.tlog
E:\robo\XWRobot\Debug\bscmake.read.1.tlog
E:\robo\XWRobot\Debug\bscmake.write.1.tlog
E:\robo\XWRobot\Debug\cl.command.1.tlog
E:\robo\XWRobot\Debug\CL.read.1.tlog
E:\robo\XWRobot\Debug\CL.write.1.tlog
E:\ROBO\XWROBOT\DEBUG\CMSCOMM.OBJ
E:\ROBO\XWROBOT\DEBUG\CMSCOMM.SBR
E:\robo\XWRobot\Debug\link.command.1.tlog
E:\robo\XWRobot\Debug\link.read.1.tlog
E:\robo\XWRobot\Debug\link.write.1.tlog
E:\robo\XWRobot\Debug\link-cvtres.read.1.tlog
E:\robo\XWRobot\Debug\link-cvtres.write.1.tlog
E:\robo\XWRobot\Debug\mt.command.1.tlog
E:\robo\XWRobot\Debug\mt.read.1.tlog
E:\robo\XWRobot\Debug\mt.write.1.tlog
E:\robo\XWRobot\Debug\rc.command.1.tlog
E:\robo\XWRobot\Debug\rc.read.1.tlog
E:\robo\XWRobot\Debug\rc.write.1.tlog
E:\ROBO\XWROBOT\DEBUG\STDAFX.OBJ
E:\ROBO\XWROBOT\DEBUG\STDAFX.SBR
E:\robo\XWRobot\Debug\vc100.idb
E:\ROBO\XWROBOT\DEBUG\VC100.PDB
E:\ROBO\XWROBOT\DEBUG\XWROBOT.BSC
E:\ROBO\XWROBOT\DEBUG\XWROBOT.EXE
E:\ROBO\XWROBOT\DEBUG\XWROBOT.EXE.INTERMEDIATE.MANIFEST
E:\ROBO\XWROBOT\DEBUG\XWROBOT.OBJ
E:\ROBO\XWROBOT\DEBUG\XWROBOT.PCH
E:\ROBO\XWROBOT\DEBUG\XWROBOT.RES
E:\ROBO\XWROBOT\DEBUG\XWROBOT.SBR
E:\robo\XWRobot\Debug\XWRobot.vcxprojResolveAssemblyReference.cache
E:\robo\XWRobot\Debug\XWRobot.write.1.tlog
E:\ROBO\XWROBOT\DEBUG\XWROBOTDLG.OBJ
E:\ROBO\XWROBOT\DEBUG\XWROBOTDLG.SBR
E:\ROBO\XWROBOT20170318较成功\XWROBOT\DEBUG\CMSCOMM.OBJ
E:\ROBO\XWROBOT20170318较成功\XWROBOT\DEBUG\CMSCOMM.SBR
E:\ROBO\XWROBOT20170318较成功\XWROBOT\DEBUG\STDAFX.OBJ
E:\ROBO\XWROBOT20170318较成功\XWROBOT\DEBUG\STDAFX.SBR
E:\ROBO\XWROBOT20170318较成功\XWROBOT\DEBUG\VC100.PDB
E:\ROBO\XWROBOT20170318较成功\XWROBOT\DEBUG\XWROBOT.BSC
E:\ROBO\XWROBOT20170318较成功\XWROBOT\DEBUG\XWROBOT.EXE
E:\ROBO\XWROBOT20170318较成功\XWROBOT\DEBUG\XWROBOT.EXE.INTERMEDIATE.MANIFEST
E:\ROBO\XWROBOT20170318较成功\XWROBOT\DEBUG\XWROBOT.OBJ
E:\ROBO\XWROBOT20170318较成功\XWROBOT\DEBUG\XWROBOT.PCH
E:\ROBO\XWROBOT20170318较成功\XWROBOT\DEBUG\XWROBOT.RES
E:\ROBO\XWROBOT20170318较成功\XWROBOT\DEBUG\XWROBOT.SBR
E:\ROBO\XWROBOT20170318较成功\XWROBOT\DEBUG\XWROBOTDLG.OBJ
E:\ROBO\XWROBOT20170318较成功\XWROBOT\DEBUG\XWROBOTDLG.SBR
